# JRE version: Java(TM) SE Runtime Environment 18.9 (11.0.7+8) (build 11.0.7+8-LTS)
# Java VM: Java HotSpot(TM) 64-Bit Server VM 18.9 (11.0.7+8-LTS, mixed mode, tiered, compressed oops, g1 gc, windows-amd64)
Heap:
 garbage-first heap   total 227328K, used 38591K [0x0000000080000000, 0x0000000100000000)
  region size 1024K, 13 young (13312K), 8 survivors (8192K)
 Metaspace       used 59214K, capacity 60759K, committed 61056K, reserved 1101824K
  class space    used 7590K, capacity 8243K, committed 8320K, reserved 1048576K
GC Heap History (10 events):
Event: 6.738 GC heap before
{Heap before GC invocations=11 (full 0):
 garbage-first heap   total 189440K, used 130793K [0x0000000080000000, 0x0000000100000000)
  region size 1024K, 111 young (113664K), 3 survivors (3072K)
 Metaspace       used 41155K, capacity 42249K, committed 42496K, reserved 1085440K
  class space    used 5177K, capacity 5616K, committed 5632K, reserved 1048576K
}
Event: 6.748 GC heap after
{Heap after GC invocations=12 (full 0):
 garbage-first heap   total 189440K, used 23449K [0x0000000080000000, 0x0000000100000000)
  region size 1024K, 7 young (7168K), 7 survivors (7168K)
 Metaspace       used 41155K, capacity 42249K, committed 42496K, reserved 1085440K
  class space    used 5177K, capacity 5616K, committed 5632K, reserved 1048576K
}
Event: 7.834 GC heap before
{Heap before GC invocations=12 (full 0):
 garbage-first heap   total 189440K, used 128921K [0x0000000080000000, 0x0000000100000000)
  region size 1024K, 111 young (113664K), 7 survivors (7168K)
 Metaspace       used 46942K, capacity 48329K, committed 48512K, reserved 1091584K
  class space    used 5899K, capacity 6415K, committed 6528K, reserved 1048576K
}
Event: 7.846 GC heap after
{Heap after GC invocations=13 (full 0):
 garbage-first heap   total 189440K, used 27369K [0x0000000080000000, 0x0000000100000000)
  region size 1024K, 10 young (10240K), 10 survivors (10240K)
 Metaspace       used 46942K, capacity 48329K, committed 48512K, reserved 1091584K
  class space    used 5899K, capacity 6415K, committed 6528K, reserved 1048576K
}
Event: 8.689 GC heap before
{Heap before GC invocations=13 (full 0):
 garbage-first heap   total 189440K, used 129769K [0x0000000080000000, 0x0000000100000000)
  region size 1024K, 111 young (113664K), 10 survivors (10240K)
 Metaspace       used 48918K, capacity 50331K, committed 50560K, reserved 1093632K
  class space    used 6170K, capacity 6751K, committed 6784K, reserved 1048576K
}
Event: 8.705 GC heap after
{Heap after GC invocations=14 (full 0):
 garbage-first heap   total 189440K, used 29696K [0x0000000080000000, 0x0000000100000000)
  region size 1024K, 7 young (7168K), 7 survivors (7168K)
 Metaspace       used 48918K, capacity 50331K, committed 50560K, reserved 1093632K
  class space    used 6170K, capacity 6751K, committed 6784K, reserved 1048576K
}
Event: 9.550 GC heap before
{Heap before GC invocations=14 (full 0):
 garbage-first heap   total 189440K, used 136192K [0x0000000080000000, 0x0000000100000000)
  region size 1024K, 111 young (113664K), 7 survivors (7168K)
 Metaspace       used 55000K, capacity 56598K, committed 56704K, reserved 1097728K
  class space    used 7068K, capacity 7708K, committed 7808K, reserved 1048576K
}
Event: 9.563 GC heap after
{Heap after GC invocations=15 (full 0):
 garbage-first heap   total 189440K, used 33453K [0x0000000080000000, 0x0000000100000000)
  region size 1024K, 11 young (11264K), 11 survivors (11264K)
 Metaspace       used 55000K, capacity 56598K, committed 56704K, reserved 1097728K
  class space    used 7068K, capacity 7708K, committed 7808K, reserved 1048576K
}
Event: 12.091 GC heap before
{Heap before GC invocations=15 (full 0):
 garbage-first heap   total 189440K, used 78509K [0x0000000080000000, 0x0000000100000000)
  region size 1024K, 56 young (57344K), 11 survivors (11264K)
 Metaspace       used 58567K, capacity 60082K, committed 60160K, reserved 1101824K
  class space    used 7506K, capacity 8145K, committed 8192K, reserved 1048576K
}
Event: 12.107 GC heap after
{Heap after GC invocations=16 (full 0):
 garbage-first heap   total 227328K, used 34495K [0x0000000080000000, 0x0000000100000000)
  region size 1024K, 8 young (8192K), 8 survivors (8192K)
 Metaspace       used 58567K, capacity 60082K, committed 60160K, reserved 1101824K
  class space    used 7506K, capacity 8145K, committed 8192K, reserved 1048576K
}

