# JRE version: Java(TM) SE Runtime Environment 18.9 (11.0.7+8) (build 11.0.7+8-LTS)
# Java VM: Java HotSpot(TM) 64-Bit Server VM 18.9 (11.0.7+8-LTS, mixed mode, tiered, compressed oops, g1 gc, windows-amd64)
Heap:
 garbage-first heap   total 227328K, used 39493K [0x0000000080000000, 0x0000000100000000)
  region size 1024K, 14 young (14336K), 8 survivors (8192K)
 Metaspace       used 58876K, capacity 60487K, committed 60672K, reserved 1101824K
  class space    used 7484K, capacity 8107K, committed 8192K, reserved 1048576K
GC Heap History (10 events):
Event: 6.921 GC heap before
{Heap before GC invocations=11 (full 0):
 garbage-first heap   total 189440K, used 129624K [0x0000000080000000, 0x0000000100000000)
  region size 1024K, 111 young (113664K), 4 survivors (4096K)
 Metaspace       used 40652K, capacity 41709K, committed 41984K, reserved 1085440K
  class space    used 5096K, capacity 5521K, committed 5632K, reserved 1048576K
}
Event: 6.930 GC heap after
{Heap after GC invocations=12 (full 0):
 garbage-first heap   total 189440K, used 22815K [0x0000000080000000, 0x0000000100000000)
  region size 1024K, 7 young (7168K), 7 survivors (7168K)
 Metaspace       used 40652K, capacity 41709K, committed 41984K, reserved 1085440K
  class space    used 5096K, capacity 5521K, committed 5632K, reserved 1048576K
}
Event: 8.089 GC heap before
{Heap before GC invocations=12 (full 0):
 garbage-first heap   total 189440K, used 128287K [0x0000000080000000, 0x0000000100000000)
  region size 1024K, 111 young (113664K), 7 survivors (7168K)
 Metaspace       used 46945K, capacity 48333K, committed 48512K, reserved 1091584K
  class space    used 5898K, capacity 6416K, committed 6528K, reserved 1048576K
}
Event: 8.102 GC heap after
{Heap after GC invocations=13 (full 0):
 garbage-first heap   total 189440K, used 26519K [0x0000000080000000, 0x0000000100000000)
  region size 1024K, 10 young (10240K), 10 survivors (10240K)
 Metaspace       used 46945K, capacity 48333K, committed 48512K, reserved 1091584K
  class space    used 5898K, capacity 6416K, committed 6528K, reserved 1048576K
}
Event: 8.860 GC heap before
{Heap before GC invocations=13 (full 0):
 garbage-first heap   total 189440K, used 128919K [0x0000000080000000, 0x0000000100000000)
  region size 1024K, 111 young (113664K), 10 survivors (10240K)
 Metaspace       used 48671K, capacity 50168K, committed 50304K, reserved 1093632K
  class space    used 6131K, capacity 6716K, committed 6784K, reserved 1048576K
}
Event: 8.877 GC heap after
{Heap after GC invocations=14 (full 0):
 garbage-first heap   total 189440K, used 28774K [0x0000000080000000, 0x0000000100000000)
  region size 1024K, 7 young (7168K), 7 survivors (7168K)
 Metaspace       used 48671K, capacity 50168K, committed 50304K, reserved 1093632K
  class space    used 6131K, capacity 6716K, committed 6784K, reserved 1048576K
}
Event: 9.763 GC heap before
{Heap before GC invocations=14 (full 0):
 garbage-first heap   total 189440K, used 135270K [0x0000000080000000, 0x0000000100000000)
  region size 1024K, 111 young (113664K), 7 survivors (7168K)
 Metaspace       used 54490K, capacity 56089K, committed 56320K, reserved 1097728K
  class space    used 7011K, capacity 7666K, committed 7680K, reserved 1048576K
}
Event: 9.775 GC heap after
{Heap after GC invocations=15 (full 0):
 garbage-first heap   total 189440K, used 32547K [0x0000000080000000, 0x0000000100000000)
  region size 1024K, 11 young (11264K), 11 survivors (11264K)
 Metaspace       used 54490K, capacity 56089K, committed 56320K, reserved 1097728K
  class space    used 7011K, capacity 7666K, committed 7680K, reserved 1048576K
}
Event: 10.316 GC heap before
{Heap before GC invocations=15 (full 0):
 garbage-first heap   total 189440K, used 70435K [0x0000000080000000, 0x0000000100000000)
  region size 1024K, 49 young (50176K), 11 survivors (11264K)
 Metaspace       used 58414K, capacity 60004K, committed 60160K, reserved 1101824K
  class space    used 7434K, capacity 8074K, committed 8192K, reserved 1048576K
}
Event: 10.334 GC heap after
{Heap after GC invocations=16 (full 0):
 garbage-first heap   total 227328K, used 34373K [0x0000000080000000, 0x0000000100000000)
  region size 1024K, 8 young (8192K), 8 survivors (8192K)
 Metaspace       used 58414K, capacity 60004K, committed 60160K, reserved 1101824K
  class space    used 7434K, capacity 8074K, committed 8192K, reserved 1048576K
}

