# JRE version: Java(TM) SE Runtime Environment 18.9 (11.0.7+8) (build 11.0.7+8-LTS)
# Java VM: Java HotSpot(TM) 64-Bit Server VM 18.9 (11.0.7+8-LTS, mixed mode, tiered, compressed oops, g1 gc, windows-amd64)
Heap:
 garbage-first heap   total 157696K, used 65268K [0x0000000080000000, 0x0000000100000000)
  region size 1024K, 55 young (56320K), 3 survivors (3072K)
 Metaspace       used 28473K, capacity 29240K, committed 29312K, reserved 1075200K
  class space    used 3355K, capacity 3661K, committed 3712K, reserved 1048576K
GC Heap History (10 events):
Event: 0.643 GC heap before
{Heap before GC invocations=0 (full 0):
 garbage-first heap   total 131072K, used 14336K [0x0000000080000000, 0x0000000100000000)
  region size 1024K, 14 young (14336K), 0 survivors (0K)
 Metaspace       used 8389K, capacity 8575K, committed 8704K, reserved 1056768K
  class space    used 831K, capacity 908K, committed 1024K, reserved 1048576K
}
Event: 0.651 GC heap after
{Heap after GC invocations=1 (full 0):
 garbage-first heap   total 131072K, used 9237K [0x0000000080000000, 0x0000000100000000)
  region size 1024K, 2 young (2048K), 2 survivors (2048K)
 Metaspace       used 8389K, capacity 8575K, committed 8704K, reserved 1056768K
  class space    used 831K, capacity 908K, committed 1024K, reserved 1048576K
}
Event: 0.973 GC heap before
{Heap before GC invocations=1 (full 0):
 garbage-first heap   total 131072K, used 15381K [0x0000000080000000, 0x0000000100000000)
  region size 1024K, 8 young (8192K), 2 survivors (2048K)
 Metaspace       used 12660K, capacity 12973K, committed 13312K, reserved 1060864K
  class space    used 1323K, capacity 1438K, committed 1536K, reserved 1048576K
}
Event: 0.978 GC heap after
{Heap after GC invocations=2 (full 0):
 garbage-first heap   total 131072K, used 10282K [0x0000000080000000, 0x0000000100000000)
  region size 1024K, 1 young (1024K), 1 survivors (1024K)
 Metaspace       used 12660K, capacity 12973K, committed 13312K, reserved 1060864K
  class space    used 1323K, capacity 1438K, committed 1536K, reserved 1048576K
}
Event: 1.272 GC heap before
{Heap before GC invocations=2 (full 0):
 garbage-first heap   total 131072K, used 27690K [0x0000000080000000, 0x0000000100000000)
  region size 1024K, 18 young (18432K), 1 survivors (1024K)
 Metaspace       used 15955K, capacity 16368K, committed 16512K, reserved 1064960K
  class space    used 1680K, capacity 1827K, committed 1920K, reserved 1048576K
}
Event: 1.278 GC heap after
{Heap after GC invocations=3 (full 0):
 garbage-first heap   total 131072K, used 11634K [0x0000000080000000, 0x0000000100000000)
  region size 1024K, 3 young (3072K), 3 survivors (3072K)
 Metaspace       used 15955K, capacity 16368K, committed 16512K, reserved 1064960K
  class space    used 1680K, capacity 1827K, committed 1920K, reserved 1048576K
}
Event: 1.323 GC heap before
{Heap before GC invocations=3 (full 0):
 garbage-first heap   total 131072K, used 38258K [0x0000000080000000, 0x0000000100000000)
  region size 1024K, 30 young (30720K), 3 survivors (3072K)
 Metaspace       used 15974K, capacity 16371K, committed 16512K, reserved 1064960K
  class space    used 1683K, capacity 1828K, committed 1920K, reserved 1048576K
}
Event: 1.327 GC heap after
{Heap after GC invocations=4 (full 0):
 garbage-first heap   total 131072K, used 11814K [0x0000000080000000, 0x0000000100000000)
  region size 1024K, 2 young (2048K), 2 survivors (2048K)
 Metaspace       used 15974K, capacity 16371K, committed 16512K, reserved 1064960K
  class space    used 1683K, capacity 1828K, committed 1920K, reserved 1048576K
}
Event: 1.703 GC heap before
{Heap before GC invocations=4 (full 0):
 garbage-first heap   total 131072K, used 66086K [0x0000000080000000, 0x0000000100000000)
  region size 1024K, 57 young (58368K), 2 survivors (2048K)
 Metaspace       used 20669K, capacity 21211K, committed 21504K, reserved 1069056K
  class space    used 2295K, capacity 2509K, committed 2560K, reserved 1048576K
}
Event: 1.710 GC heap after
{Heap after GC invocations=5 (full 0):
 garbage-first heap   total 157696K, used 13044K [0x0000000080000000, 0x0000000100000000)
  region size 1024K, 3 young (3072K), 3 survivors (3072K)
 Metaspace       used 20669K, capacity 21211K, committed 21504K, reserved 1069056K
  class space    used 2295K, capacity 2509K, committed 2560K, reserved 1048576K
}

