# JRE version: Java(TM) SE Runtime Environment 18.9 (11.0.7+8) (build 11.0.7+8-LTS)
# Java VM: Java HotSpot(TM) 64-Bit Server VM 18.9 (11.0.7+8-LTS, mixed mode, tiered, compressed oops, g1 gc, windows-amd64)
Heap:
 garbage-first heap   total 189440K, used 113445K [0x0000000080000000, 0x0000000100000000)
  region size 1024K, 91 young (93184K), 7 survivors (7168K)
 Metaspace       used 53505K, capacity 55072K, committed 55296K, reserved 1097728K
  class space    used 6692K, capacity 7328K, committed 7424K, reserved 1048576K
GC Heap History (10 events):
Event: 4.908 GC heap before
{Heap before GC invocations=9 (full 0):
 garbage-first heap   total 157696K, used 103957K [0x0000000080000000, 0x0000000100000000)
  region size 1024K, 91 young (93184K), 6 survivors (6144K)
 Metaspace       used 35974K, capacity 36957K, committed 37120K, reserved 1081344K
  class space    used 4377K, capacity 4774K, committed 4864K, reserved 1048576K
}
Event: 4.918 GC heap after
{Heap after GC invocations=10 (full 0):
 garbage-first heap   total 157696K, used 18802K [0x0000000080000000, 0x0000000100000000)
  region size 1024K, 8 young (8192K), 8 survivors (8192K)
 Metaspace       used 35974K, capacity 36957K, committed 37120K, reserved 1081344K
  class space    used 4377K, capacity 4774K, committed 4864K, reserved 1048576K
}
Event: 5.280 GC heap before
{Heap before GC invocations=10 (full 0):
 garbage-first heap   total 157696K, used 104818K [0x0000000080000000, 0x0000000100000000)
  region size 1024K, 92 young (94208K), 8 survivors (8192K)
 Metaspace       used 36369K, capacity 37344K, committed 37632K, reserved 1081344K
  class space    used 4425K, capacity 4814K, committed 4864K, reserved 1048576K
}
Event: 5.291 GC heap after
{Heap after GC invocations=11 (full 0):
 garbage-first heap   total 189440K, used 19473K [0x0000000080000000, 0x0000000100000000)
  region size 1024K, 4 young (4096K), 4 survivors (4096K)
 Metaspace       used 36369K, capacity 37344K, committed 37632K, reserved 1081344K
  class space    used 4425K, capacity 4814K, committed 4864K, reserved 1048576K
}
Event: 6.447 GC heap before
{Heap before GC invocations=11 (full 0):
 garbage-first heap   total 189440K, used 119825K [0x0000000080000000, 0x0000000100000000)
  region size 1024K, 102 young (104448K), 4 survivors (4096K)
 Metaspace       used 40218K, capacity 41316K, committed 41600K, reserved 1085440K
  class space    used 5023K, capacity 5454K, committed 5504K, reserved 1048576K
}
Event: 6.455 GC heap after
{Heap after GC invocations=12 (full 0):
 garbage-first heap   total 189440K, used 22195K [0x0000000080000000, 0x0000000100000000)
  region size 1024K, 6 young (6144K), 6 survivors (6144K)
 Metaspace       used 40218K, capacity 41316K, committed 41600K, reserved 1085440K
  class space    used 5023K, capacity 5454K, committed 5504K, reserved 1048576K
}
Event: 7.681 GC heap before
{Heap before GC invocations=12 (full 0):
 garbage-first heap   total 189440K, used 128691K [0x0000000080000000, 0x0000000100000000)
  region size 1024K, 111 young (113664K), 6 survivors (6144K)
 Metaspace       used 46984K, capacity 48327K, committed 48512K, reserved 1091584K
  class space    used 5896K, capacity 6414K, committed 6528K, reserved 1048576K
}
Event: 7.694 GC heap after
{Heap after GC invocations=13 (full 0):
 garbage-first heap   total 189440K, used 26815K [0x0000000080000000, 0x0000000100000000)
  region size 1024K, 11 young (11264K), 11 survivors (11264K)
 Metaspace       used 46984K, capacity 48327K, committed 48512K, reserved 1091584K
  class space    used 5896K, capacity 6414K, committed 6528K, reserved 1048576K
}
Event: 8.410 GC heap before
{Heap before GC invocations=13 (full 0):
 garbage-first heap   total 189440K, used 128191K [0x0000000080000000, 0x0000000100000000)
  region size 1024K, 111 young (113664K), 11 survivors (11264K)
 Metaspace       used 48589K, capacity 50092K, committed 50304K, reserved 1093632K
  class space    used 6117K, capacity 6712K, committed 6784K, reserved 1048576K
}
Event: 8.423 GC heap after
{Heap after GC invocations=14 (full 0):
 garbage-first heap   total 189440K, used 28453K [0x0000000080000000, 0x0000000100000000)
  region size 1024K, 7 young (7168K), 7 survivors (7168K)
 Metaspace       used 48589K, capacity 50092K, committed 50304K, reserved 1093632K
  class space    used 6117K, capacity 6712K, committed 6784K, reserved 1048576K
}

