# JRE version: Java(TM) SE Runtime Environment 18.9 (11.0.7+8) (build 11.0.7+8-LTS)
# Java VM: Java HotSpot(TM) 64-Bit Server VM 18.9 (11.0.7+8-LTS, mixed mode, tiered, compressed oops, g1 gc, windows-amd64)
Heap:
 garbage-first heap   total 157696K, used 46663K [0x0000000080000000, 0x0000000100000000)
  region size 1024K, 37 young (37888K), 3 survivors (3072K)
 Metaspace       used 24454K, capacity 25119K, committed 25216K, reserved 1071104K
  class space    used 2865K, capacity 3138K, committed 3200K, reserved 1048576K
GC Heap History (10 events):
Event: 0.611 GC heap before
{Heap before GC invocations=0 (full 0):
 garbage-first heap   total 131072K, used 14336K [0x0000000080000000, 0x0000000100000000)
  region size 1024K, 14 young (14336K), 0 survivors (0K)
 Metaspace       used 8394K, capacity 8587K, committed 8704K, reserved 1056768K
  class space    used 835K, capacity 912K, committed 1024K, reserved 1048576K
}
Event: 0.618 GC heap after
{Heap after GC invocations=1 (full 0):
 garbage-first heap   total 131072K, used 9083K [0x0000000080000000, 0x0000000100000000)
  region size 1024K, 2 young (2048K), 2 survivors (2048K)
 Metaspace       used 8394K, capacity 8587K, committed 8704K, reserved 1056768K
  class space    used 835K, capacity 912K, committed 1024K, reserved 1048576K
}
Event: 0.928 GC heap before
{Heap before GC invocations=1 (full 0):
 garbage-first heap   total 131072K, used 15227K [0x0000000080000000, 0x0000000100000000)
  region size 1024K, 8 young (8192K), 2 survivors (2048K)
 Metaspace       used 12658K, capacity 12973K, committed 13312K, reserved 1060864K
  class space    used 1324K, capacity 1438K, committed 1536K, reserved 1048576K
}
Event: 0.933 GC heap after
{Heap after GC invocations=2 (full 0):
 garbage-first heap   total 131072K, used 10135K [0x0000000080000000, 0x0000000100000000)
  region size 1024K, 1 young (1024K), 1 survivors (1024K)
 Metaspace       used 12658K, capacity 12973K, committed 13312K, reserved 1060864K
  class space    used 1324K, capacity 1438K, committed 1536K, reserved 1048576K
}
Event: 1.235 GC heap before
{Heap before GC invocations=2 (full 0):
 garbage-first heap   total 131072K, used 28567K [0x0000000080000000, 0x0000000100000000)
  region size 1024K, 19 young (19456K), 1 survivors (1024K)
 Metaspace       used 15948K, capacity 16369K, committed 16512K, reserved 1064960K
  class space    used 1680K, capacity 1827K, committed 1920K, reserved 1048576K
}
Event: 1.239 GC heap after
{Heap after GC invocations=3 (full 0):
 garbage-first heap   total 131072K, used 11370K [0x0000000080000000, 0x0000000100000000)
  region size 1024K, 3 young (3072K), 3 survivors (3072K)
 Metaspace       used 15948K, capacity 16369K, committed 16512K, reserved 1064960K
  class space    used 1680K, capacity 1827K, committed 1920K, reserved 1048576K
}
Event: 1.277 GC heap before
{Heap before GC invocations=3 (full 0):
 garbage-first heap   total 131072K, used 39018K [0x0000000080000000, 0x0000000100000000)
  region size 1024K, 31 young (31744K), 3 survivors (3072K)
 Metaspace       used 15966K, capacity 16372K, committed 16512K, reserved 1064960K
  class space    used 1683K, capacity 1828K, committed 1920K, reserved 1048576K
}
Event: 1.281 GC heap after
{Heap after GC invocations=4 (full 0):
 garbage-first heap   total 131072K, used 11656K [0x0000000080000000, 0x0000000100000000)
  region size 1024K, 2 young (2048K), 2 survivors (2048K)
 Metaspace       used 15966K, capacity 16372K, committed 16512K, reserved 1064960K
  class space    used 1683K, capacity 1828K, committed 1920K, reserved 1048576K
}
Event: 1.681 GC heap before
{Heap before GC invocations=4 (full 0):
 garbage-first heap   total 131072K, used 63880K [0x0000000080000000, 0x0000000100000000)
  region size 1024K, 55 young (56320K), 2 survivors (2048K)
 Metaspace       used 20682K, capacity 21145K, committed 21248K, reserved 1069056K
  class space    used 2306K, capacity 2508K, committed 2560K, reserved 1048576K
}
Event: 1.692 GC heap after
{Heap after GC invocations=5 (full 0):
 garbage-first heap   total 157696K, used 12871K [0x0000000080000000, 0x0000000100000000)
  region size 1024K, 3 young (3072K), 3 survivors (3072K)
 Metaspace       used 20682K, capacity 21145K, committed 21248K, reserved 1069056K
  class space    used 2306K, capacity 2508K, committed 2560K, reserved 1048576K
}

